[2023-11-17 18:08:19,495] 28 root - INFO - Data inesgtion method starts
[2023-11-17 18:08:19,532] 32 root - INFO - Dataset read as pandas Dataframe
[2023-11-17 18:08:19,683] 40 root - INFO - Train Test Split
[2023-11-17 18:08:19,689] 43 root - INFO - split done
[2023-11-17 18:08:19,845] 47 root - INFO - Ingestion of data is completed
[2023-11-17 18:08:19,905] 87 root - INFO - Read train and test data compeleted
[2023-11-17 18:08:19,911] 88 root - INFO - Train Dataframe Head : 
    Unnamed: 0  carat        cut color clarity  depth  table     x     y     z  price
0       19041   1.17       Good     D     SI2   60.4   65.0  6.81  6.77  4.10   5567
1         397   1.20      Ideal     F    VVS1   61.1   55.0  6.86  6.89  4.20  13088
2       15627   0.31  Very Good     I    VVS2   61.6   59.0  4.31  4.33  2.66    544
3       16598   2.19      Ideal     I     SI2   62.5   56.0  8.31  8.24  5.18  15254
4        5812   0.30      Ideal     H     VS2   62.1   57.0  4.27  4.30  2.66    491
[2023-11-17 18:08:19,923] 89 root - INFO - Test Dataframe Head : 
    Unnamed: 0  carat        cut color clarity  depth  table     x     y     z  price
0        9923   1.10  Very Good     F     SI1   60.5   60.0  6.65  6.67  4.03   5667
1       25557   0.41       Good     E     SI2   63.5   55.0  4.69  4.73  2.99    638
2       22422   0.25    Premium     H    VVS1   59.8   59.0  4.07  4.09  2.44    450
3       18129   1.52      Ideal     H    VVS2   62.8   56.0  7.32  7.30  4.59  12764
4       14106   0.42      Ideal     D    VVS2   62.1   55.0  4.78  4.81  2.98   1326
[2023-11-17 18:08:19,923] 91 root - INFO - Obtaining Preprocessor object
[2023-11-17 18:08:19,923] 35 root - INFO - Data Transformation initiated
[2023-11-17 18:08:19,923] 46 root - INFO - Pipeline Initiated
[2023-11-17 18:08:19,987] 110 root - INFO - Appling preprocessor object on training and testing datatset
[2023-11-17 18:08:19,989] 121 root - INFO -  Preprocessor file is created and saved
